<testsuites id="" name="" tests="4" failures="0" skipped="0" errors="0" time="6.079376">
<testsuite name="Grouping.spec.js" timestamp="2026-08-11T05:03:46.723Z" hostname="chromium" tests="4" failures="0" skipped="0" time="3.407" errors="0">
<testcase name="Group 1 › Test1" classname="Grouping.spec.js" time="1.334">
<system-out>
<![CDATA[ this is beforeAll ......
 this is beforerEach ......
 this is Test1 ......
 this is afterEach ......
]]>
</system-out>
</testcase>
<testcase name="Group 1 › Test2" classname="Grouping.spec.js" time="0.716">
<system-out>
<![CDATA[ this is beforerEach ......
 this is Test2 ......
 this is afterEach ......
]]>
</system-out>
</testcase>
<testcase name="Group 2 › Test3" classname="Grouping.spec.js" time="0.674">
<system-out>
<![CDATA[ this is beforerEach ......
 this is Test3 ......
 this is afterEach ......
]]>
</system-out>
</testcase>
<testcase name="Group 2 › Test4" classname="Grouping.spec.js" time="0.683">
<system-out>
<![CDATA[ this is beforerEach ......
 this is Test4 ......
 this is afterEach ......
 this is afterAll ......
]]>
</system-out>
</testcase>
</testsuite>
</testsuites>