<testsuites id="" name="" tests="1" failures="0" skipped="0" errors="0" time="3.4581140000000596">
<testsuite name="PostCall.spec.js" timestamp="2026-07-28T14:23:07.621Z" hostname="chromium" tests="1" failures="0" skipped="0" time="2.386" errors="0">
<testcase name="Test PostApi" classname="PostCall.spec.js" time="2.386">
<system-out>
<![CDATA[[33m200[39m
{
  bookingid: [33m1308[39m,
  booking: {
    firstname: [32m'Jim'[39m,
    lastname: [32m'Brown'[39m,
    totalprice: [33m111[39m,
    depositpaid: [33mtrue[39m,
    bookingdates: { checkin: [32m'2018-01-01'[39m, checkout: [32m'2019-01-01'[39m },
    additionalneeds: [32m'Breakfast'[39m
  }
}
]]>
</system-out>
</testcase>
</testsuite>
</testsuites>