<testsuites id="" name="" tests="4" failures="0" skipped="0" errors="1" time="27.388346">
<testsuite name="Parameterizationwithexcel.spec.js" timestamp="2026-07-31T04:49:25.388Z" hostname="chromium" tests="4" failures="0" skipped="0" time="23.772" errors="1">
<testcase name="Loginexcel test for laura.taylor1234@example.com and test123" classname="Parameterizationwithexcel.spec.js" time="9.511">
</testcase>
<testcase name="Loginexcel test for invalid.taylor1234@example.com and test321" classname="Parameterizationwithexcel.spec.js" time="5.327">
</testcase>
<testcase name="Loginexcel test for validuser@example.com and test222" classname="Parameterizationwithexcel.spec.js" time="5.043">
</testcase>
<testcase name="Loginexcel test for undefined and undefined" classname="Parameterizationwithexcel.spec.js" time="3.891">
<system-out>
<![CDATA[
[[ATTACHMENT|test-results\Parameterizationwithexcel--8715d-for-undefined-and-undefined-chromium\test-failed-1.png]]

[[ATTACHMENT|test-results\Parameterizationwithexcel--8715d-for-undefined-and-undefined-chromium\video.webm]]

[[ATTACHMENT|test-results\Parameterizationwithexcel--8715d-for-undefined-and-undefined-chromium\error-context.md]]
]]>
</system-out>
<error message="locator.fill: value: expected string, got undefined" type="Error">
<![CDATA[  [chromium] › Parameterizationwithexcel.spec.js:13:5 › Loginexcel test for undefined and undefined 

    Error: locator.fill: value: expected string, got undefined

      14 |         await page.goto('https://demowebshop.tricentis.com/login');
      15 |         // Fill login form
    > 16 |         await page.locator('#Email').fill(email);
         |                                      ^
      17 |         await page.locator('#Password').fill(password);
      18 |         await page.locator("input[value='Log in']").click();
      19 |
        at E:\Play Wright\playWrighttest\tests\Parameterizationwithexcel.spec.js:16:38

    attachment #1: screenshot (image/png) ──────────────────────────────────────────────────────────
    ..\test-results\Parameterizationwithexcel--8715d-for-undefined-and-undefined-chromium\test-failed-1.png
    ────────────────────────────────────────────────────────────────────────────────────────────────

    attachment #2: video (video/webm) ──────────────────────────────────────────────────────────────
    ..\test-results\Parameterizationwithexcel--8715d-for-undefined-and-undefined-chromium\video.webm
    ────────────────────────────────────────────────────────────────────────────────────────────────

    Error Context: ..\test-results\Parameterizationwithexcel--8715d-for-undefined-and-undefined-chromium\error-context.md
]]>
</error>
</testcase>
</testsuite>
</testsuites>